MyDeepNavigation/app/build/intermediates/manifest_merge_blame_file/debug/manifest-merger-blame-debug-report.txt
1<?xml version="1.0" encoding="utf-8"?>
2<manifest xmlns:android="http://schemas.android.com/apk/res/android"
3    package="com.example.mydeepnavigation"
4    android:versionCode="1"
5    android:versionName="1.0" >
6
7    <uses-sdk
8        android:minSdkVersion="21"
8-->src\main\AndroidManifest.xml
9        android:targetSdkVersion="30" />
9-->src\main\AndroidManifest.xml
10
11    <application
11-->src\main\AndroidManifest.xml:5:5-28:19
12        android:allowBackup="true"
12-->src\main\AndroidManifest.xml:6:9-35
13        android:appComponentFactory="androidx.core.app.CoreComponentFactory"
13-->[androidx.core:core:1.3.1] AndroidManifest.xml:24:18-86
14        android:debuggable="true"
15        android:icon="@mipmap/ic_launcher"
15-->src\main\AndroidManifest.xml:7:9-43
16        android:label="@string/app_name"
16-->src\main\AndroidManifest.xml:8:9-41
17        android:roundIcon="@mipmap/ic_launcher_round"
17-->src\main\AndroidManifest.xml:9:9-54
18        android:supportsRtl="true"
18-->src\main\AndroidManifest.xml:10:9-35
19        android:testOnly="true"
20        android:theme="@style/AppTheme" >
20-->src\main\AndroidManifest.xml:11:9-40
21        <activity
21-->src\main\AndroidManifest.xml:12:9-19:20
22            android:name="com.example.mydeepnavigation.MainActivity"
22-->src\main\AndroidManifest.xml:12:19-47
23            android:launchMode="singleTop" >
23-->src\main\AndroidManifest.xml:13:13-43
24            <intent-filter>
24-->src\main\AndroidManifest.xml:14:13-18:29
25                <action android:name="android.intent.action.MAIN" />
25-->src\main\AndroidManifest.xml:15:17-69
25-->src\main\AndroidManifest.xml:15:25-66
26
27                <category android:name="android.intent.category.LAUNCHER" />
27-->src\main\AndroidManifest.xml:17:17-77
27-->src\main\AndroidManifest.xml:17:27-74
28            </intent-filter>
29        </activity>
30        <activity
30-->src\main\AndroidManifest.xml:20:9-27:20
31            android:name="com.example.mydeepnavigation.DetailActivity"
31-->src\main\AndroidManifest.xml:21:13-43
32            android:label="@string/activity_detail"
32-->src\main\AndroidManifest.xml:22:13-52
33            android:parentActivityName="com.example.mydeepnavigation.MainActivity" >
33-->src\main\AndroidManifest.xml:23:13-55
34            <meta-data
34-->src\main\AndroidManifest.xml:24:13-26:49
35                android:name="android.support.PARENT_ACTIVITY"
35-->src\main\AndroidManifest.xml:25:17-63
36                android:value=".MainActivity" />
36-->src\main\AndroidManifest.xml:26:17-46
37        </activity>
38    </application>
39
40</manifest>